2022-06-13 05:01:29,902:INFO: Loading the datasets...
2022-06-13 05:01:34,862:INFO: - done.
2022-06-13 05:07:27,414:INFO: Loading the datasets...
2022-06-13 05:07:34,551:INFO: - done.
2022-06-13 05:11:12,489:INFO: Loading the datasets...
2022-06-13 05:11:17,385:INFO: - done.
2022-06-13 05:11:28,123:INFO: Loading the datasets...
2022-06-13 05:11:34,677:INFO: - done.
2022-06-13 05:11:40,248:INFO: Experiment - model version: distill
2022-06-13 05:11:40,248:INFO: Starting training for 20 epoch(s)
2022-06-13 05:11:40,248:INFO: First, loading the teacher model and computing its outputs...
2022-06-13 05:15:04,857:INFO: Loading the datasets...
2022-06-13 05:15:09,780:INFO: - done.
2022-06-13 05:15:14,214:INFO: Experiment - model version: cnn_distill
2022-06-13 05:15:14,215:INFO: Starting training for 20 epoch(s)
2022-06-13 05:15:14,215:INFO: First, loading the teacher model and computing its outputs...
2022-06-13 05:15:14,216:INFO: Epoch 1/20
2022-06-13 05:15:31,939:INFO: - Train metrics: accuracy: 0.379 ; loss: 0.746
2022-06-13 05:15:35,326:INFO: - Eval metrics : accuracy: 0.653 ; loss: 0.000
2022-06-13 05:15:38,902:INFO: - Eval metrics : accuracy: 0.942 ; loss: 0.000
2022-06-13 05:15:38,979:INFO: - Found new best accuracy
2022-06-13 05:15:38,988:INFO: Epoch 2/20
